  main.cpp
c:\github\sdlgame1\sdlgame1\sdlgame1\actor.h(10): error C2065: 'ComponentId': undeclared identifier
c:\github\sdlgame1\sdlgame1\sdlgame1\actor.h(10): error C2065: 'StrongActorComponentPtr': undeclared identifier
c:\github\sdlgame1\sdlgame1\sdlgame1\actor.h(10): error C2923: 'std::map': 'ComponentId' is not a valid template type argument for parameter '_Kty'
c:\github\sdlgame1\sdlgame1\sdlgame1\actor.h(10): error C2923: 'std::map': 'StrongActorComponentPtr' is not a valid template type argument for parameter '_Ty'
c:\github\sdlgame1\sdlgame1\sdlgame1\actor.h(10): error C3203: 'less': unspecialized class template can't be used as a template argument for template parameter '_Pr', expected a real type
c:\program files (x86)\microsoft visual studio 14.0\vc\include\map(70): error C3203: 'pair': unspecialized class template can't be used as a template argument for template parameter '_Ty', expected a real type
c:\github\sdlgame1\sdlgame1\sdlgame1\actor.h(13): error C3646: 'm_id': unknown override specifier
c:\github\sdlgame1\sdlgame1\sdlgame1\actor.h(13): error C4430: missing type specifier - int assumed. Note: C++ does not support default-int
c:\github\sdlgame1\sdlgame1\sdlgame1\actor.h(17): error C2061: syntax error: identifier 'ActorId'
c:\github\sdlgame1\sdlgame1\sdlgame1\actor.h(25): error C3646: 'GetId': unknown override specifier
c:\github\sdlgame1\sdlgame1\sdlgame1\actor.h(25): error C2059: syntax error: '('
c:\github\sdlgame1\sdlgame1\sdlgame1\actor.h(25): error C2334: unexpected token(s) preceding '{'; skipping apparent function body
c:\github\sdlgame1\sdlgame1\sdlgame1\actor.h(28): error C2061: syntax error: identifier 'ComponentId'
c:\github\sdlgame1\sdlgame1\sdlgame1\actor.h(46): error C2061: syntax error: identifier 'StrongActorComponentPtr'
c:\github\sdlgame1\sdlgame1\sdlgame1\main.cpp(137): error C2039: 'ActorId': is not a member of 'Actor'
  c:\github\sdlgame1\sdlgame1\sdlgame1\actor.h(6): note: see declaration of 'Actor'
c:\github\sdlgame1\sdlgame1\sdlgame1\main.cpp(137): error C4430: missing type specifier - int assumed. Note: C++ does not support default-int
c:\github\sdlgame1\sdlgame1\sdlgame1\main.cpp(137): error C2146: syntax error: missing ';' before identifier 'curActorId'
c:\github\sdlgame1\sdlgame1\sdlgame1\main.cpp(138): error C2039: 'ComponentId': is not a member of 'Actor'
  c:\github\sdlgame1\sdlgame1\sdlgame1\actor.h(6): note: see declaration of 'Actor'
c:\github\sdlgame1\sdlgame1\sdlgame1\main.cpp(138): error C4430: missing type specifier - int assumed. Note: C++ does not support default-int
c:\github\sdlgame1\sdlgame1\sdlgame1\main.cpp(138): error C2146: syntax error: missing ';' before identifier 'curComponentId'
c:\github\sdlgame1\sdlgame1\sdlgame1\main.cpp(140): error C2039: 'ActorId': is not a member of 'Actor'
  c:\github\sdlgame1\sdlgame1\sdlgame1\actor.h(6): note: see declaration of 'Actor'
c:\github\sdlgame1\sdlgame1\sdlgame1\main.cpp(140): error C4430: missing type specifier - int assumed. Note: C++ does not support default-int
c:\github\sdlgame1\sdlgame1\sdlgame1\main.cpp(140): error C2086: 'int ActorId': redefinition
  c:\github\sdlgame1\sdlgame1\sdlgame1\main.cpp(137): note: see declaration of 'ActorId'
c:\github\sdlgame1\sdlgame1\sdlgame1\main.cpp(140): error C2146: syntax error: missing ';' before identifier 'GetNextActorId'
c:\github\sdlgame1\sdlgame1\sdlgame1\main.cpp(141): error C2143: syntax error: missing ';' before '{'
c:\github\sdlgame1\sdlgame1\sdlgame1\main.cpp(141): error C2447: '{': missing function header (old-style formal list?)
c:\github\sdlgame1\sdlgame1\sdlgame1\main.cpp(145): error C2039: 'ComponentId': is not a member of 'Actor'
  c:\github\sdlgame1\sdlgame1\sdlgame1\actor.h(6): note: see declaration of 'Actor'
c:\github\sdlgame1\sdlgame1\sdlgame1\main.cpp(145): error C4430: missing type specifier - int assumed. Note: C++ does not support default-int
c:\github\sdlgame1\sdlgame1\sdlgame1\main.cpp(145): error C2086: 'int ComponentId': redefinition
  c:\github\sdlgame1\sdlgame1\sdlgame1\main.cpp(138): note: see declaration of 'ComponentId'
c:\github\sdlgame1\sdlgame1\sdlgame1\main.cpp(145): error C2146: syntax error: missing ';' before identifier 'GetNextComponentId'
c:\github\sdlgame1\sdlgame1\sdlgame1\main.cpp(146): error C2143: syntax error: missing ';' before '{'
c:\github\sdlgame1\sdlgame1\sdlgame1\main.cpp(146): error C2447: '{': missing function header (old-style formal list?)
  ActorFactory.cpp
c:\github\sdlgame1\sdlgame1\sdlgame1\actorcomponent.h(7): error C3646: 'm_pOwner': unknown override specifier
c:\github\sdlgame1\sdlgame1\sdlgame1\actorcomponent.h(7): error C4430: missing type specifier - int assumed. Note: C++ does not support default-int
c:\github\sdlgame1\sdlgame1\sdlgame1\actorcomponent.h(16): error C3646: 'VGetComponentId': unknown override specifier
c:\github\sdlgame1\sdlgame1\sdlgame1\actorcomponent.h(16): error C2059: syntax error: ')'
c:\github\sdlgame1\sdlgame1\sdlgame1\actorcomponent.h(16): error C2238: unexpected token(s) preceding ';'
c:\github\sdlgame1\sdlgame1\sdlgame1\actorcomponent.h(19): error C2061: syntax error: identifier 'StrongActorPtr'
c:\github\sdlgame1\sdlgame1\sdlgame1\actorcomponent.h(19): error C2065: 'm_pOwner': undeclared identifier
c:\github\sdlgame1\sdlgame1\sdlgame1\actorcomponent.h(19): error C2065: 'pOwner': undeclared identifier
c:\github\sdlgame1\sdlgame1\sdlgame1\actor.h(10): error C2065: 'ComponentId': undeclared identifier
c:\github\sdlgame1\sdlgame1\sdlgame1\actor.h(10): error C2065: 'StrongActorComponentPtr': undeclared identifier
c:\github\sdlgame1\sdlgame1\sdlgame1\actor.h(10): error C2923: 'std::map': 'ComponentId' is not a valid template type argument for parameter '_Kty'
c:\github\sdlgame1\sdlgame1\sdlgame1\actor.h(10): error C2923: 'std::map': 'StrongActorComponentPtr' is not a valid template type argument for parameter '_Ty'
c:\github\sdlgame1\sdlgame1\sdlgame1\actor.h(10): error C3203: 'less': unspecialized class template can't be used as a template argument for template parameter '_Pr', expected a real type
c:\program files (x86)\microsoft visual studio 14.0\vc\include\map(70): error C3203: 'pair': unspecialized class template can't be used as a template argument for template parameter '_Ty', expected a real type
c:\github\sdlgame1\sdlgame1\sdlgame1\actor.h(13): error C3646: 'm_id': unknown override specifier
c:\github\sdlgame1\sdlgame1\sdlgame1\actor.h(13): error C4430: missing type specifier - int assumed. Note: C++ does not support default-int
c:\github\sdlgame1\sdlgame1\sdlgame1\actor.h(17): error C2061: syntax error: identifier 'ActorId'
c:\github\sdlgame1\sdlgame1\sdlgame1\actor.h(25): error C3646: 'GetId': unknown override specifier
c:\github\sdlgame1\sdlgame1\sdlgame1\actor.h(25): error C2059: syntax error: '('
c:\github\sdlgame1\sdlgame1\sdlgame1\actor.h(25): error C2334: unexpected token(s) preceding '{'; skipping apparent function body
c:\github\sdlgame1\sdlgame1\sdlgame1\actor.h(28): error C2061: syntax error: identifier 'ComponentId'
c:\github\sdlgame1\sdlgame1\sdlgame1\actor.h(46): error C2061: syntax error: identifier 'StrongActorComponentPtr'
  ActorComponent.cpp
c:\github\sdlgame1\sdlgame1\sdlgame1\actorcomponent.h(7): error C3646: 'm_pOwner': unknown override specifier
c:\github\sdlgame1\sdlgame1\sdlgame1\actorcomponent.h(7): error C4430: missing type specifier - int assumed. Note: C++ does not support default-int
c:\github\sdlgame1\sdlgame1\sdlgame1\actorcomponent.h(16): error C3646: 'VGetComponentId': unknown override specifier
c:\github\sdlgame1\sdlgame1\sdlgame1\actorcomponent.h(16): error C2059: syntax error: ')'
c:\github\sdlgame1\sdlgame1\sdlgame1\actorcomponent.h(16): error C2238: unexpected token(s) preceding ';'
c:\github\sdlgame1\sdlgame1\sdlgame1\actorcomponent.h(19): error C2061: syntax error: identifier 'StrongActorPtr'
c:\github\sdlgame1\sdlgame1\sdlgame1\actorcomponent.h(19): error C2065: 'm_pOwner': undeclared identifier
c:\github\sdlgame1\sdlgame1\sdlgame1\actorcomponent.h(19): error C2065: 'pOwner': undeclared identifier
c:\github\sdlgame1\sdlgame1\sdlgame1\actorcomponent.cpp(6): error C2600: 'ActorComponent::ActorComponent': cannot define a compiler-generated special member function (must be declared in the class first)
  Actor.cpp
c:\github\sdlgame1\sdlgame1\sdlgame1\actor.h(10): error C2065: 'ComponentId': undeclared identifier
c:\github\sdlgame1\sdlgame1\sdlgame1\actor.h(10): error C2065: 'StrongActorComponentPtr': undeclared identifier
c:\github\sdlgame1\sdlgame1\sdlgame1\actor.h(10): error C2923: 'std::map': 'ComponentId' is not a valid template type argument for parameter '_Kty'
c:\github\sdlgame1\sdlgame1\sdlgame1\actor.h(10): error C2923: 'std::map': 'StrongActorComponentPtr' is not a valid template type argument for parameter '_Ty'
c:\github\sdlgame1\sdlgame1\sdlgame1\actor.h(10): error C3203: 'less': unspecialized class template can't be used as a template argument for template parameter '_Pr', expected a real type
c:\program files (x86)\microsoft visual studio 14.0\vc\include\map(70): error C3203: 'pair': unspecialized class template can't be used as a template argument for template parameter '_Ty', expected a real type
c:\github\sdlgame1\sdlgame1\sdlgame1\actor.h(13): error C3646: 'm_id': unknown override specifier
c:\github\sdlgame1\sdlgame1\sdlgame1\actor.h(13): error C4430: missing type specifier - int assumed. Note: C++ does not support default-int
c:\github\sdlgame1\sdlgame1\sdlgame1\actor.h(17): error C2061: syntax error: identifier 'ActorId'
c:\github\sdlgame1\sdlgame1\sdlgame1\actor.h(25): error C3646: 'GetId': unknown override specifier
c:\github\sdlgame1\sdlgame1\sdlgame1\actor.h(25): error C2059: syntax error: '('
c:\github\sdlgame1\sdlgame1\sdlgame1\actor.h(25): error C2334: unexpected token(s) preceding '{'; skipping apparent function body
c:\github\sdlgame1\sdlgame1\sdlgame1\actor.h(28): error C2061: syntax error: identifier 'ComponentId'
c:\github\sdlgame1\sdlgame1\sdlgame1\actor.h(46): error C2061: syntax error: identifier 'StrongActorComponentPtr'
c:\github\sdlgame1\sdlgame1\sdlgame1\actor.cpp(4): error C2511: 'Actor::Actor(int)': overloaded member function not found in 'Actor'
  c:\github\sdlgame1\sdlgame1\sdlgame1\actor.h(6): note: see declaration of 'Actor'
  Generating Code...
