c:\github\flashlighttag2d\flashlighttag2d\flashlighttag2d\x64\debug\vc140.pdb
c:\github\flashlighttag2d\flashlighttag2d\flashlighttag2d\x64\debug\vc140.idb
c:\github\flashlighttag2d\flashlighttag2d\flashlighttag2d\x64\debug\actor.obj
c:\github\flashlighttag2d\flashlighttag2d\flashlighttag2d\x64\debug\actorfactory.obj
c:\github\flashlighttag2d\flashlighttag2d\flashlighttag2d\x64\debug\aicomponent.obj
c:\github\flashlighttag2d\flashlighttag2d\flashlighttag2d\x64\debug\baselogiccomponent.obj
c:\github\flashlighttag2d\flashlighttag2d\flashlighttag2d\x64\debug\behavior.obj
c:\github\flashlighttag2d\flashlighttag2d\flashlighttag2d\x64\debug\followtargetaicomponent.obj
c:\github\flashlighttag2d\flashlighttag2d\flashlighttag2d\x64\debug\gameactor.obj
c:\github\flashlighttag2d\flashlighttag2d\flashlighttag2d\x64\debug\graphicscomponent.obj
c:\github\flashlighttag2d\flashlighttag2d\flashlighttag2d\x64\debug\graphicsmanager.obj
c:\github\flashlighttag2d\flashlighttag2d\flashlighttag2d\x64\debug\inputcomponent.obj
c:\github\flashlighttag2d\flashlighttag2d\flashlighttag2d\x64\debug\inputmanager.obj
c:\github\flashlighttag2d\flashlighttag2d\flashlighttag2d\x64\debug\main.obj
c:\github\flashlighttag2d\flashlighttag2d\flashlighttag2d\x64\debug\physicscomponent.obj
c:\github\flashlighttag2d\flashlighttag2d\flashlighttag2d\x64\debug\physicsmanager.obj
c:\github\flashlighttag2d\flashlighttag2d\flashlighttag2d\x64\debug\playerlogiccomponent.obj
c:\github\flashlighttag2d\flashlighttag2d\flashlighttag2d\x64\debug\playerphysicscomponent.obj
c:\github\flashlighttag2d\flashlighttag2d\flashlighttag2d\x64\debug\transformcomponent.obj
c:\github\flashlighttag2d\flashlighttag2d\flashlighttag2d\x64\debug\world.obj
c:\github\flashlighttag2d\flashlighttag2d\x64\debug\flashlighttag2d.pdb
c:\github\flashlighttag2d\flashlighttag2d\flashlighttag2d\x64\debug\flashlighttag2d.tlog\cl.command.1.tlog
c:\github\flashlighttag2d\flashlighttag2d\flashlighttag2d\x64\debug\flashlighttag2d.tlog\cl.read.1.tlog
c:\github\flashlighttag2d\flashlighttag2d\flashlighttag2d\x64\debug\flashlighttag2d.tlog\cl.write.1.tlog
c:\github\flashlighttag2d\flashlighttag2d\flashlighttag2d\x64\debug\flashlighttag2d.tlog\link-cvtres.read.1.tlog
c:\github\flashlighttag2d\flashlighttag2d\flashlighttag2d\x64\debug\flashlighttag2d.tlog\link-cvtres.write.1.tlog
c:\github\flashlighttag2d\flashlighttag2d\flashlighttag2d\x64\debug\flashlighttag2d.tlog\link-rc.read.1.tlog
c:\github\flashlighttag2d\flashlighttag2d\flashlighttag2d\x64\debug\flashlighttag2d.tlog\link-rc.write.1.tlog
c:\github\flashlighttag2d\flashlighttag2d\flashlighttag2d\x64\debug\flashlighttag2d.tlog\link.command.1.tlog
c:\github\flashlighttag2d\flashlighttag2d\flashlighttag2d\x64\debug\flashlighttag2d.tlog\link.read.1.tlog
c:\github\flashlighttag2d\flashlighttag2d\flashlighttag2d\x64\debug\flashlighttag2d.tlog\link.write.1.tlog
