  World.cpp
c:\users\tyler\documents\github\flashlighttag2d\flashlighttag2d\flashlighttag2d\shader.h(75): warning C4267: 'initializing': conversion from 'size_t' to 'int32_t', possible loss of data
c:\users\tyler\documents\github\flashlighttag2d\flashlighttag2d\flashlighttag2d\shader.h(108): warning C4267: 'initializing': conversion from 'size_t' to 'int32_t', possible loss of data
  TransformComponent.cpp
  Texture2D.cpp
  stb_image.cpp
  ServiceLocator.cpp
  SeekBehavior.cpp
  PlayerPhysicsComponent.cpp
  PlayerLogicComponent.cpp
  PhysicsManager.cpp
  PhysicsComponent.cpp
  main.cpp
  InputManager.cpp
  InputComponent.cpp
  HideBehavior.cpp
  GraphicsManager.cpp
c:\users\tyler\documents\github\flashlighttag2d\flashlighttag2d\flashlighttag2d\shader.h(75): warning C4267: 'initializing': conversion from 'size_t' to 'int32_t', possible loss of data
c:\users\tyler\documents\github\flashlighttag2d\flashlighttag2d\flashlighttag2d\shader.h(108): warning C4267: 'initializing': conversion from 'size_t' to 'int32_t', possible loss of data
c:\users\tyler\documents\github\flashlighttag2d\flashlighttag2d\flashlighttag2d\graphicsmanager.cpp(142): warning C4267: 'argument': conversion from 'size_t' to 'int', possible loss of data
c:\users\tyler\documents\github\flashlighttag2d\flashlighttag2d\flashlighttag2d\graphicsmanager.cpp(143): warning C4267: 'argument': conversion from 'size_t' to 'int', possible loss of data
c:\users\tyler\documents\github\flashlighttag2d\flashlighttag2d\flashlighttag2d\graphicsmanager.cpp(144): warning C4267: 'argument': conversion from 'size_t' to 'int', possible loss of data
  GraphicsComponent.cpp
  GameStateComponent.cpp
  GameActor.cpp
  FollowTargetAIComponent.cpp
  Behavior.cpp
  Generating Code...
  Compiling...
  BaseLogicComponent.cpp
  AIComponent.cpp
  ActorFactory.cpp
  Actor.cpp
  Generating Code...
GraphicsManager.obj : error LNK2019: unresolved external symbol SDL_GetWindowSize referenced in function "public: __cdecl GraphicsManager::GraphicsManager(struct SDL_Window *)" (??0GraphicsManager@@QEAA@PEAUSDL_Window@@@Z)
GraphicsManager.obj : error LNK2019: unresolved external symbol SDL_GL_SetAttribute referenced in function "private: bool __cdecl GraphicsManager::setOpenGLAttributes(void)" (?setOpenGLAttributes@GraphicsManager@@AEAA_NXZ)
GraphicsManager.obj : error LNK2019: unresolved external symbol SDL_GL_CreateContext referenced in function "public: __cdecl GraphicsManager::GraphicsManager(struct SDL_Window *)" (??0GraphicsManager@@QEAA@PEAUSDL_Window@@@Z)
main.obj : error LNK2001: unresolved external symbol SDL_GL_CreateContext
GraphicsManager.obj : error LNK2019: unresolved external symbol SDL_GL_SetSwapInterval referenced in function "public: __cdecl GraphicsManager::GraphicsManager(struct SDL_Window *)" (??0GraphicsManager@@QEAA@PEAUSDL_Window@@@Z)
GraphicsManager.obj : error LNK2019: unresolved external symbol SDL_GL_SwapWindow referenced in function "public: void __cdecl GraphicsManager::ClearScreen(void)" (?ClearScreen@GraphicsManager@@QEAAXXZ)
GraphicsManager.obj : error LNK2019: unresolved external symbol SDL_GL_DeleteContext referenced in function "public: __cdecl GraphicsManager::~GraphicsManager(void)" (??1GraphicsManager@@QEAA@XZ)
GraphicsManager.obj : error LNK2019: unresolved external symbol __imp_glewInit referenced in function "public: __cdecl GraphicsManager::GraphicsManager(struct SDL_Window *)" (??0GraphicsManager@@QEAA@PEAUSDL_Window@@@Z)
GraphicsManager.obj : error LNK2001: unresolved external symbol __imp___glewActiveTexture
GraphicsManager.obj : error LNK2001: unresolved external symbol __imp___glewBindBuffer
GraphicsManager.obj : error LNK2001: unresolved external symbol __imp___glewBufferData
GraphicsManager.obj : error LNK2001: unresolved external symbol __imp___glewDeleteBuffers
GraphicsManager.obj : error LNK2001: unresolved external symbol __imp___glewGenBuffers
GraphicsManager.obj : error LNK2001: unresolved external symbol __imp___glewAttachShader
GraphicsManager.obj : error LNK2001: unresolved external symbol __imp___glewCompileShader
GraphicsManager.obj : error LNK2001: unresolved external symbol __imp___glewCreateProgram
GraphicsManager.obj : error LNK2001: unresolved external symbol __imp___glewCreateShader
GraphicsManager.obj : error LNK2001: unresolved external symbol __imp___glewDisableVertexAttribArray
GraphicsManager.obj : error LNK2001: unresolved external symbol __imp___glewEnableVertexAttribArray
GraphicsManager.obj : error LNK2001: unresolved external symbol __imp___glewGetProgramInfoLog
GraphicsManager.obj : error LNK2001: unresolved external symbol __imp___glewGetProgramiv
GraphicsManager.obj : error LNK2001: unresolved external symbol __imp___glewGetShaderInfoLog
GraphicsManager.obj : error LNK2001: unresolved external symbol __imp___glewGetShaderiv
GraphicsManager.obj : error LNK2001: unresolved external symbol __imp___glewGetUniformLocation
GraphicsManager.obj : error LNK2001: unresolved external symbol __imp___glewLinkProgram
GraphicsManager.obj : error LNK2001: unresolved external symbol __imp___glewShaderSource
GraphicsManager.obj : error LNK2001: unresolved external symbol __imp___glewUniform1i
GraphicsManager.obj : error LNK2001: unresolved external symbol __imp___glewUniform2fv
GraphicsManager.obj : error LNK2001: unresolved external symbol __imp___glewUniform3fv
GraphicsManager.obj : error LNK2001: unresolved external symbol __imp___glewUniformMatrix4fv
GraphicsManager.obj : error LNK2001: unresolved external symbol __imp___glewUseProgram
GraphicsManager.obj : error LNK2001: unresolved external symbol __imp___glewVertexAttribPointer
GraphicsManager.obj : error LNK2001: unresolved external symbol __imp___glewBindVertexArray
GraphicsManager.obj : error LNK2001: unresolved external symbol __imp___glewDeleteVertexArrays
GraphicsManager.obj : error LNK2001: unresolved external symbol __imp___glewGenVertexArrays
GraphicsManager.obj : error LNK2001: unresolved external symbol __imp_glewExperimental
InputManager.obj : error LNK2019: unresolved external symbol SDL_GetKeyboardState referenced in function "public: unsigned int __cdecl InputManager::ReadInput(void)" (?ReadInput@InputManager@@QEAAIXZ)
InputManager.obj : error LNK2019: unresolved external symbol SDL_PollEvent referenced in function "public: unsigned int __cdecl InputManager::ReadInput(void)" (?ReadInput@InputManager@@QEAAIXZ)
main.obj : error LNK2019: unresolved external symbol SDL_GetError referenced in function "struct SDL_Texture * __cdecl LoadTexture(struct SDL_Renderer *,class std::basic_string<char,struct std::char_traits<char>,class std::allocator<char> >)" (?LoadTexture@@YAPEAUSDL_Texture@@PEAUSDL_Renderer@@V?$basic_string@DU?$char_traits@D@std@@V?$allocator@D@2@@std@@@Z)
main.obj : error LNK2019: unresolved external symbol SDL_FreeSurface referenced in function "struct SDL_Texture * __cdecl LoadTexture(struct SDL_Renderer *,class std::basic_string<char,struct std::char_traits<char>,class std::allocator<char> >)" (?LoadTexture@@YAPEAUSDL_Texture@@PEAUSDL_Renderer@@V?$basic_string@DU?$char_traits@D@std@@V?$allocator@D@2@@std@@@Z)
main.obj : error LNK2019: unresolved external symbol SDL_CreateWindow referenced in function "bool __cdecl init(void)" (?init@@YA_NXZ)
main.obj : error LNK2019: unresolved external symbol SDL_DestroyWindow referenced in function "void __cdecl close(void)" (?close@@YAXXZ)
main.obj : error LNK2019: unresolved external symbol SDL_CreateTextureFromSurface referenced in function "struct SDL_Texture * __cdecl LoadTexture(struct SDL_Renderer *,class std::basic_string<char,struct std::char_traits<char>,class std::allocator<char> >)" (?LoadTexture@@YAPEAUSDL_Texture@@PEAUSDL_Renderer@@V?$basic_string@DU?$char_traits@D@std@@V?$allocator@D@2@@std@@@Z)
main.obj : error LNK2019: unresolved external symbol SDL_DestroyTexture referenced in function "void __cdecl close(void)" (?close@@YAXXZ)
main.obj : error LNK2019: unresolved external symbol SDL_Init referenced in function "bool __cdecl init(void)" (?init@@YA_NXZ)
main.obj : error LNK2019: unresolved external symbol SDL_Quit referenced in function "void __cdecl close(void)" (?close@@YAXXZ)
main.obj : error LNK2019: unresolved external symbol IMG_Init referenced in function "bool __cdecl init(void)" (?init@@YA_NXZ)
main.obj : error LNK2019: unresolved external symbol IMG_Quit referenced in function "void __cdecl close(void)" (?close@@YAXXZ)
main.obj : error LNK2019: unresolved external symbol IMG_Load referenced in function "struct SDL_Texture * __cdecl LoadTexture(struct SDL_Renderer *,class std::basic_string<char,struct std::char_traits<char>,class std::allocator<char> >)" (?LoadTexture@@YAPEAUSDL_Texture@@PEAUSDL_Renderer@@V?$basic_string@DU?$char_traits@D@std@@V?$allocator@D@2@@std@@@Z)
Texture2D.obj : error LNK2001: unresolved external symbol __imp___glewGenerateMipmap
World.obj : error LNK2019: unresolved external symbol SDL_GetTicks referenced in function "public: void __cdecl World::RunGame(void)" (?RunGame@World@@QEAAXXZ)
MSVCRTD.lib(exe_main.obj) : error LNK2019: unresolved external symbol main referenced in function "int __cdecl invoke_main(void)" (?invoke_main@@YAHXZ)
..\..\SDL\SDL2-2.0.3\lib\x86\SDL2.lib : warning LNK4272: library machine type 'X86' conflicts with target machine type 'x64'
..\..\SDL\SDL2-2.0.3\lib\x86\SDL2main.lib : warning LNK4272: library machine type 'X86' conflicts with target machine type 'x64'
..\..\SDL\SDL2-2.0.3\lib\x86\SDL2_image.lib : warning LNK4272: library machine type 'X86' conflicts with target machine type 'x64'
..\..\TinyXML2\lib\tinyxml2.lib : warning LNK4272: library machine type 'X86' conflicts with target machine type 'x64'
..\..\glew-2.0.0\lib\Release\Win32\glew32.lib : warning LNK4272: library machine type 'X86' conflicts with target machine type 'x64'
C:\Users\Tyler\Documents\GitHub\FlashlightTag2D\FlashlightTag2D\x64\Debug\FlashlightTag2D.exe : fatal error LNK1120: 51 unresolved externals
