  ActorFactory.cpp
c:\users\tyler wolverton\documents\github\flashlighttag2d\flashlighttag2d\flashlighttag2d\actorfactory.cpp(172): warning C4018: '<': signed/unsigned mismatch
  Generating Code...
  Compiling...
  World.cpp
  PhysicsManager.cpp
  GraphicsManager.cpp
  Generating Code...
  Compiling...
  GameStateComponent.cpp
  Generating Code...
  Compiling...
  SeekBehavior.cpp
c:\users\tyler wolverton\documents\github\flashlighttag2d\flashlighttag2d\flashlighttag2d\seekbehavior.cpp(29): warning C4244: 'argument': conversion from 'int' to 'float', possible loss of data
c:\users\tyler wolverton\documents\github\flashlighttag2d\flashlighttag2d\flashlighttag2d\seekbehavior.cpp(32): warning C4244: 'argument': conversion from 'int' to 'float', possible loss of data
c:\users\tyler wolverton\documents\github\flashlighttag2d\flashlighttag2d\flashlighttag2d\seekbehavior.cpp(35): warning C4244: 'argument': conversion from 'int' to 'float', possible loss of data
c:\users\tyler wolverton\documents\github\flashlighttag2d\flashlighttag2d\flashlighttag2d\seekbehavior.cpp(38): warning C4244: 'argument': conversion from 'int' to 'float', possible loss of data
  HideBehavior.cpp
  Generating Code...
  FlashlightTag2D.vcxproj -> C:\Users\Tyler Wolverton\Documents\GitHub\FlashlightTag2D\FlashlightTag2D\Debug\FlashlightTag2D.exe
  FlashlightTag2D.vcxproj -> C:\Users\Tyler Wolverton\Documents\GitHub\FlashlightTag2D\FlashlightTag2D\Debug\FlashlightTag2D.pdb (Partial PDB)
