c:\github\flashlighttag2d\flashlighttag2d\flashlighttag2d\debug\vc140.pdb
c:\github\flashlighttag2d\flashlighttag2d\flashlighttag2d\debug\vc140.idb
c:\github\flashlighttag2d\flashlighttag2d\flashlighttag2d\debug\actor.obj
c:\github\flashlighttag2d\flashlighttag2d\flashlighttag2d\debug\actorfactory.obj
c:\github\flashlighttag2d\flashlighttag2d\flashlighttag2d\debug\aicomponent.obj
c:\github\flashlighttag2d\flashlighttag2d\flashlighttag2d\debug\baselogiccomponent.obj
c:\github\flashlighttag2d\flashlighttag2d\flashlighttag2d\debug\behavior.obj
c:\github\flashlighttag2d\flashlighttag2d\flashlighttag2d\debug\followtargetaicomponent.obj
c:\github\flashlighttag2d\flashlighttag2d\flashlighttag2d\debug\gameactor.obj
c:\github\flashlighttag2d\flashlighttag2d\flashlighttag2d\debug\graphicscomponent.obj
c:\github\flashlighttag2d\flashlighttag2d\flashlighttag2d\debug\graphicsmanager.obj
c:\github\flashlighttag2d\flashlighttag2d\flashlighttag2d\debug\inputcomponent.obj
c:\github\flashlighttag2d\flashlighttag2d\flashlighttag2d\debug\inputmanager.obj
c:\github\flashlighttag2d\flashlighttag2d\flashlighttag2d\debug\main.obj
c:\github\flashlighttag2d\flashlighttag2d\flashlighttag2d\debug\physicscomponent.obj
c:\github\flashlighttag2d\flashlighttag2d\flashlighttag2d\debug\physicsmanager.obj
c:\github\flashlighttag2d\flashlighttag2d\flashlighttag2d\debug\playerlogiccomponent.obj
c:\github\flashlighttag2d\flashlighttag2d\flashlighttag2d\debug\playerphysicscomponent.obj
c:\github\flashlighttag2d\flashlighttag2d\flashlighttag2d\debug\transformcomponent.obj
c:\github\flashlighttag2d\flashlighttag2d\flashlighttag2d\debug\world.obj
c:\github\flashlighttag2d\flashlighttag2d\flashlighttag2d\debug\stb_image.obj
c:\github\flashlighttag2d\flashlighttag2d\debug\flashlighttag2d.ilk
c:\github\flashlighttag2d\flashlighttag2d\debug\flashlighttag2d.exe
c:\github\flashlighttag2d\flashlighttag2d\debug\flashlighttag2d.pdb
c:\github\flashlighttag2d\flashlighttag2d\flashlighttag2d\debug\flashlighttag2d.tlog\cl.command.1.tlog
c:\github\flashlighttag2d\flashlighttag2d\flashlighttag2d\debug\flashlighttag2d.tlog\cl.read.1.tlog
c:\github\flashlighttag2d\flashlighttag2d\flashlighttag2d\debug\flashlighttag2d.tlog\cl.write.1.tlog
c:\github\flashlighttag2d\flashlighttag2d\flashlighttag2d\debug\flashlighttag2d.tlog\link.command.1.tlog
c:\github\flashlighttag2d\flashlighttag2d\flashlighttag2d\debug\flashlighttag2d.tlog\link.read.1.tlog
c:\github\flashlighttag2d\flashlighttag2d\flashlighttag2d\debug\flashlighttag2d.tlog\link.write.1.tlog
